

============================== 2022-10-17 09:26:12.205193 | b6cf05a7-c89f-49f9-891a-bc755cb30950 ==============================
[0m09:26:12.205207 [info ] [MainThread]: Running with dbt=1.2.1
[0m09:26:12.205604 [debug] [MainThread]: running dbt with arguments {'write_json': True, 'use_colors': True, 'printer_width': 80, 'version_check': True, 'partial_parse': True, 'static_parser': True, 'profiles_dir': '/home/tasleem-banu/.dbt', 'send_anonymous_usage_stats': True, 'event_buffer_size': 100000, 'quiet': False, 'no_print': False, 'config_dir': True, 'which': 'debug', 'indirect_selection': 'eager'}
[0m09:26:12.205785 [debug] [MainThread]: Tracking: tracking
[0m09:26:12.223533 [debug] [MainThread]: Sending event: {'category': 'dbt', 'action': 'invocation', 'label': 'start', 'context': [<snowplow_tracker.self_describing_json.SelfDescribingJson object at 0x7fdf79400d60>, <snowplow_tracker.self_describing_json.SelfDescribingJson object at 0x7fdf79400f70>, <snowplow_tracker.self_describing_json.SelfDescribingJson object at 0x7fdf79400fd0>]}
[0m09:26:12.223885 [info ] [MainThread]: To view your profiles.yml file, run:

xdg-open /home/tasleem-banu/.dbt
[0m09:26:12.224167 [debug] [MainThread]: Sending event: {'category': 'dbt', 'action': 'invocation', 'label': 'end', 'context': [<snowplow_tracker.self_describing_json.SelfDescribingJson object at 0x7fdf79400f70>, <snowplow_tracker.self_describing_json.SelfDescribingJson object at 0x7fdf79400fd0>, <snowplow_tracker.self_describing_json.SelfDescribingJson object at 0x7fdf79420610>]}
[0m09:26:12.224337 [debug] [MainThread]: Flushing usage events


============================== 2022-10-17 09:27:59.689611 | b32e1815-c1af-432e-8094-3eea726f5af6 ==============================
[0m09:27:59.689622 [info ] [MainThread]: Running with dbt=1.2.1
[0m09:27:59.690019 [debug] [MainThread]: running dbt with arguments {'write_json': True, 'use_colors': True, 'printer_width': 80, 'version_check': True, 'partial_parse': True, 'static_parser': True, 'profiles_dir': '/home/tasleem-banu/.dbt', 'send_anonymous_usage_stats': True, 'event_buffer_size': 100000, 'quiet': False, 'no_print': False, 'config_dir': False, 'which': 'debug', 'indirect_selection': 'eager'}
[0m09:27:59.690153 [debug] [MainThread]: Tracking: tracking
[0m09:27:59.706146 [debug] [MainThread]: Sending event: {'category': 'dbt', 'action': 'invocation', 'label': 'start', 'context': [<snowplow_tracker.self_describing_json.SelfDescribingJson object at 0x7fa0bab80f10>, <snowplow_tracker.self_describing_json.SelfDescribingJson object at 0x7fa0bab80f70>, <snowplow_tracker.self_describing_json.SelfDescribingJson object at 0x7fa0baba1640>]}
[0m09:28:00.104550 [debug] [MainThread]: Executing "git --help"
[0m09:28:00.112007 [debug] [MainThread]: STDOUT: "b"usage: git [--version] [--help] [-C <path>] [-c <name>=<value>]\n           [--exec-path[=<path>]] [--html-path] [--man-path] [--info-path]\n           [-p | --paginate | -P | --no-pager] [--no-replace-objects] [--bare]\n           [--git-dir=<path>] [--work-tree=<path>] [--namespace=<name>]\n           [--super-prefix=<path>] [--config-env=<name>=<envvar>]\n           <command> [<args>]\n\nThese are common Git commands used in various situations:\n\nstart a working area (see also: git help tutorial)\n   clone     Clone a repository into a new directory\n   init      Create an empty Git repository or reinitialize an existing one\n\nwork on the current change (see also: git help everyday)\n   add       Add file contents to the index\n   mv        Move or rename a file, a directory, or a symlink\n   restore   Restore working tree files\n   rm        Remove files from the working tree and from the index\n\nexamine the history and state (see also: git help revisions)\n   bisect    Use binary search to find the commit that introduced a bug\n   diff      Show changes between commits, commit and working tree, etc\n   grep      Print lines matching a pattern\n   log       Show commit logs\n   show      Show various types of objects\n   status    Show the working tree status\n\ngrow, mark and tweak your common history\n   branch    List, create, or delete branches\n   commit    Record changes to the repository\n   merge     Join two or more development histories together\n   rebase    Reapply commits on top of another base tip\n   reset     Reset current HEAD to the specified state\n   switch    Switch branches\n   tag       Create, list, delete or verify a tag object signed with GPG\n\ncollaborate (see also: git help workflows)\n   fetch     Download objects and refs from another repository\n   pull      Fetch from and integrate with another repository or a local branch\n   push      Update remote refs along with associated objects\n\n'git help -a' and 'git help -g' list available subcommands and some\nconcept guides. See 'git help <command>' or 'git help <concept>'\nto read about a specific subcommand or concept.\nSee 'git help git' for an overview of the system.\n""
[0m09:28:00.112349 [debug] [MainThread]: STDERR: "b''"
[0m09:28:00.116556 [debug] [MainThread]: Acquiring new bigquery connection "debug"
[0m09:28:00.117144 [debug] [MainThread]: Opening a new connection, currently in state init
[0m09:28:00.120743 [debug] [MainThread]: On debug: select 1 as id
[0m09:28:02.413796 [debug] [MainThread]: Sending event: {'category': 'dbt', 'action': 'invocation', 'label': 'end', 'context': [<snowplow_tracker.self_describing_json.SelfDescribingJson object at 0x7fa0babf09d0>, <snowplow_tracker.self_describing_json.SelfDescribingJson object at 0x7fa0b3337970>, <snowplow_tracker.self_describing_json.SelfDescribingJson object at 0x7fa0b3337760>]}
[0m09:28:02.414802 [debug] [MainThread]: Flushing usage events
[0m09:28:03.374089 [debug] [MainThread]: Connection 'debug' was properly closed.


============================== 2022-10-17 09:28:14.489151 | d44307df-afe8-4f58-826e-ac7101629131 ==============================
[0m09:28:14.489175 [info ] [MainThread]: Running with dbt=1.2.1
[0m09:28:14.489625 [debug] [MainThread]: running dbt with arguments {'write_json': True, 'use_colors': True, 'printer_width': 80, 'version_check': True, 'partial_parse': True, 'static_parser': True, 'profiles_dir': '/home/tasleem-banu/.dbt', 'send_anonymous_usage_stats': True, 'event_buffer_size': 100000, 'quiet': False, 'no_print': False, 'config_dir': False, 'which': 'debug', 'indirect_selection': 'eager'}
[0m09:28:14.489797 [debug] [MainThread]: Tracking: tracking
[0m09:28:14.505894 [debug] [MainThread]: Sending event: {'category': 'dbt', 'action': 'invocation', 'label': 'start', 'context': [<snowplow_tracker.self_describing_json.SelfDescribingJson object at 0x7fdfb6d80ca0>, <snowplow_tracker.self_describing_json.SelfDescribingJson object at 0x7fdfb6d80ee0>, <snowplow_tracker.self_describing_json.SelfDescribingJson object at 0x7fdfb6da0700>]}
[0m09:28:14.890842 [debug] [MainThread]: Executing "git --help"
[0m09:28:14.898347 [debug] [MainThread]: STDOUT: "b"usage: git [--version] [--help] [-C <path>] [-c <name>=<value>]\n           [--exec-path[=<path>]] [--html-path] [--man-path] [--info-path]\n           [-p | --paginate | -P | --no-pager] [--no-replace-objects] [--bare]\n           [--git-dir=<path>] [--work-tree=<path>] [--namespace=<name>]\n           [--super-prefix=<path>] [--config-env=<name>=<envvar>]\n           <command> [<args>]\n\nThese are common Git commands used in various situations:\n\nstart a working area (see also: git help tutorial)\n   clone     Clone a repository into a new directory\n   init      Create an empty Git repository or reinitialize an existing one\n\nwork on the current change (see also: git help everyday)\n   add       Add file contents to the index\n   mv        Move or rename a file, a directory, or a symlink\n   restore   Restore working tree files\n   rm        Remove files from the working tree and from the index\n\nexamine the history and state (see also: git help revisions)\n   bisect    Use binary search to find the commit that introduced a bug\n   diff      Show changes between commits, commit and working tree, etc\n   grep      Print lines matching a pattern\n   log       Show commit logs\n   show      Show various types of objects\n   status    Show the working tree status\n\ngrow, mark and tweak your common history\n   branch    List, create, or delete branches\n   commit    Record changes to the repository\n   merge     Join two or more development histories together\n   rebase    Reapply commits on top of another base tip\n   reset     Reset current HEAD to the specified state\n   switch    Switch branches\n   tag       Create, list, delete or verify a tag object signed with GPG\n\ncollaborate (see also: git help workflows)\n   fetch     Download objects and refs from another repository\n   pull      Fetch from and integrate with another repository or a local branch\n   push      Update remote refs along with associated objects\n\n'git help -a' and 'git help -g' list available subcommands and some\nconcept guides. See 'git help <command>' or 'git help <concept>'\nto read about a specific subcommand or concept.\nSee 'git help git' for an overview of the system.\n""
[0m09:28:14.898697 [debug] [MainThread]: STDERR: "b''"
[0m09:28:14.902582 [debug] [MainThread]: Acquiring new bigquery connection "debug"
[0m09:28:14.903163 [debug] [MainThread]: Opening a new connection, currently in state init
[0m09:28:14.907057 [debug] [MainThread]: On debug: select 1 as id
[0m09:28:16.946251 [debug] [MainThread]: Sending event: {'category': 'dbt', 'action': 'invocation', 'label': 'end', 'context': [<snowplow_tracker.self_describing_json.SelfDescribingJson object at 0x7fdfb6df0e50>, <snowplow_tracker.self_describing_json.SelfDescribingJson object at 0x7fdfaf5751c0>, <snowplow_tracker.self_describing_json.SelfDescribingJson object at 0x7fdfaf575250>]}
[0m09:28:16.946637 [debug] [MainThread]: Flushing usage events
[0m09:28:17.865705 [debug] [MainThread]: Connection 'debug' was properly closed.


============================== 2022-10-17 09:28:35.087879 | 5467a43f-3b21-413b-9b34-24a9a413219f ==============================
[0m09:28:35.087890 [info ] [MainThread]: Running with dbt=1.2.1
[0m09:28:35.088217 [debug] [MainThread]: running dbt with arguments {'write_json': True, 'use_colors': True, 'printer_width': 80, 'version_check': True, 'partial_parse': True, 'static_parser': True, 'profiles_dir': '/home/tasleem-banu/.dbt', 'send_anonymous_usage_stats': True, 'event_buffer_size': 100000, 'quiet': False, 'no_print': False, 'config_dir': False, 'which': 'debug', 'indirect_selection': 'eager'}
[0m09:28:35.088342 [debug] [MainThread]: Tracking: tracking
[0m09:28:35.104222 [debug] [MainThread]: Sending event: {'category': 'dbt', 'action': 'invocation', 'label': 'start', 'context': [<snowplow_tracker.self_describing_json.SelfDescribingJson object at 0x7fd4b9cc0c40>, <snowplow_tracker.self_describing_json.SelfDescribingJson object at 0x7fd4b9cc0e80>, <snowplow_tracker.self_describing_json.SelfDescribingJson object at 0x7fd4b9ce16a0>]}
[0m09:28:35.501977 [debug] [MainThread]: Executing "git --help"
[0m09:28:35.508787 [debug] [MainThread]: STDOUT: "b"usage: git [--version] [--help] [-C <path>] [-c <name>=<value>]\n           [--exec-path[=<path>]] [--html-path] [--man-path] [--info-path]\n           [-p | --paginate | -P | --no-pager] [--no-replace-objects] [--bare]\n           [--git-dir=<path>] [--work-tree=<path>] [--namespace=<name>]\n           [--super-prefix=<path>] [--config-env=<name>=<envvar>]\n           <command> [<args>]\n\nThese are common Git commands used in various situations:\n\nstart a working area (see also: git help tutorial)\n   clone     Clone a repository into a new directory\n   init      Create an empty Git repository or reinitialize an existing one\n\nwork on the current change (see also: git help everyday)\n   add       Add file contents to the index\n   mv        Move or rename a file, a directory, or a symlink\n   restore   Restore working tree files\n   rm        Remove files from the working tree and from the index\n\nexamine the history and state (see also: git help revisions)\n   bisect    Use binary search to find the commit that introduced a bug\n   diff      Show changes between commits, commit and working tree, etc\n   grep      Print lines matching a pattern\n   log       Show commit logs\n   show      Show various types of objects\n   status    Show the working tree status\n\ngrow, mark and tweak your common history\n   branch    List, create, or delete branches\n   commit    Record changes to the repository\n   merge     Join two or more development histories together\n   rebase    Reapply commits on top of another base tip\n   reset     Reset current HEAD to the specified state\n   switch    Switch branches\n   tag       Create, list, delete or verify a tag object signed with GPG\n\ncollaborate (see also: git help workflows)\n   fetch     Download objects and refs from another repository\n   pull      Fetch from and integrate with another repository or a local branch\n   push      Update remote refs along with associated objects\n\n'git help -a' and 'git help -g' list available subcommands and some\nconcept guides. See 'git help <command>' or 'git help <concept>'\nto read about a specific subcommand or concept.\nSee 'git help git' for an overview of the system.\n""
[0m09:28:35.509154 [debug] [MainThread]: STDERR: "b''"
[0m09:28:35.513063 [debug] [MainThread]: Acquiring new bigquery connection "debug"
[0m09:28:35.513722 [debug] [MainThread]: Opening a new connection, currently in state init
[0m09:28:35.517300 [debug] [MainThread]: On debug: select 1 as id
[0m09:28:37.663230 [debug] [MainThread]: Sending event: {'category': 'dbt', 'action': 'invocation', 'label': 'end', 'context': [<snowplow_tracker.self_describing_json.SelfDescribingJson object at 0x7fd4cfc76640>, <snowplow_tracker.self_describing_json.SelfDescribingJson object at 0x7fd4b245e880>, <snowplow_tracker.self_describing_json.SelfDescribingJson object at 0x7fd4b245ea00>]}
[0m09:28:37.664100 [debug] [MainThread]: Flushing usage events
[0m09:28:38.594360 [debug] [MainThread]: Connection 'debug' was properly closed.


============================== 2022-10-17 09:30:57.234935 | c6473ce9-c67b-44a1-81b9-ab946fdc01af ==============================
[0m09:30:57.234946 [info ] [MainThread]: Running with dbt=1.2.1
[0m09:30:57.235272 [debug] [MainThread]: running dbt with arguments {'write_json': True, 'use_colors': True, 'printer_width': 80, 'version_check': True, 'partial_parse': True, 'static_parser': True, 'profiles_dir': '/home/tasleem-banu/.dbt', 'send_anonymous_usage_stats': True, 'event_buffer_size': 100000, 'quiet': False, 'no_print': False, 'config_dir': False, 'which': 'debug', 'indirect_selection': 'eager'}
[0m09:30:57.235459 [debug] [MainThread]: Tracking: tracking
[0m09:30:57.251416 [debug] [MainThread]: Sending event: {'category': 'dbt', 'action': 'invocation', 'label': 'start', 'context': [<snowplow_tracker.self_describing_json.SelfDescribingJson object at 0x7f420b980c40>, <snowplow_tracker.self_describing_json.SelfDescribingJson object at 0x7f420b980e80>, <snowplow_tracker.self_describing_json.SelfDescribingJson object at 0x7f420b9a16a0>]}
[0m09:30:57.639256 [debug] [MainThread]: Executing "git --help"
[0m09:30:57.646194 [debug] [MainThread]: STDOUT: "b"usage: git [--version] [--help] [-C <path>] [-c <name>=<value>]\n           [--exec-path[=<path>]] [--html-path] [--man-path] [--info-path]\n           [-p | --paginate | -P | --no-pager] [--no-replace-objects] [--bare]\n           [--git-dir=<path>] [--work-tree=<path>] [--namespace=<name>]\n           [--super-prefix=<path>] [--config-env=<name>=<envvar>]\n           <command> [<args>]\n\nThese are common Git commands used in various situations:\n\nstart a working area (see also: git help tutorial)\n   clone     Clone a repository into a new directory\n   init      Create an empty Git repository or reinitialize an existing one\n\nwork on the current change (see also: git help everyday)\n   add       Add file contents to the index\n   mv        Move or rename a file, a directory, or a symlink\n   restore   Restore working tree files\n   rm        Remove files from the working tree and from the index\n\nexamine the history and state (see also: git help revisions)\n   bisect    Use binary search to find the commit that introduced a bug\n   diff      Show changes between commits, commit and working tree, etc\n   grep      Print lines matching a pattern\n   log       Show commit logs\n   show      Show various types of objects\n   status    Show the working tree status\n\ngrow, mark and tweak your common history\n   branch    List, create, or delete branches\n   commit    Record changes to the repository\n   merge     Join two or more development histories together\n   rebase    Reapply commits on top of another base tip\n   reset     Reset current HEAD to the specified state\n   switch    Switch branches\n   tag       Create, list, delete or verify a tag object signed with GPG\n\ncollaborate (see also: git help workflows)\n   fetch     Download objects and refs from another repository\n   pull      Fetch from and integrate with another repository or a local branch\n   push      Update remote refs along with associated objects\n\n'git help -a' and 'git help -g' list available subcommands and some\nconcept guides. See 'git help <command>' or 'git help <concept>'\nto read about a specific subcommand or concept.\nSee 'git help git' for an overview of the system.\n""
[0m09:30:57.646550 [debug] [MainThread]: STDERR: "b''"
[0m09:30:57.650466 [debug] [MainThread]: Acquiring new bigquery connection "debug"
[0m09:30:57.651065 [debug] [MainThread]: Opening a new connection, currently in state init
[0m09:30:57.655002 [debug] [MainThread]: On debug: select 1 as id
[0m09:30:59.686241 [debug] [MainThread]: Sending event: {'category': 'dbt', 'action': 'invocation', 'label': 'end', 'context': [<snowplow_tracker.self_describing_json.SelfDescribingJson object at 0x7f420b9f0f70>, <snowplow_tracker.self_describing_json.SelfDescribingJson object at 0x7f4204137880>, <snowplow_tracker.self_describing_json.SelfDescribingJson object at 0x7f4204137a00>]}
[0m09:30:59.687059 [debug] [MainThread]: Flushing usage events
[0m09:31:00.683323 [debug] [MainThread]: Connection 'debug' was properly closed.


============================== 2022-10-17 09:35:51.499303 | 23ba65c3-3ce2-4245-aad6-78d6cbd4e9ab ==============================
[0m09:35:51.499313 [info ] [MainThread]: Running with dbt=1.2.1
[0m09:35:51.499643 [debug] [MainThread]: running dbt with arguments {'write_json': True, 'use_colors': True, 'printer_width': 80, 'version_check': True, 'partial_parse': True, 'static_parser': True, 'profiles_dir': '/home/tasleem-banu/.dbt', 'send_anonymous_usage_stats': True, 'event_buffer_size': 100000, 'quiet': False, 'no_print': False, 'config_dir': True, 'which': 'debug', 'indirect_selection': 'eager'}
[0m09:35:51.499824 [debug] [MainThread]: Tracking: tracking
[0m09:35:51.516965 [debug] [MainThread]: Sending event: {'category': 'dbt', 'action': 'invocation', 'label': 'start', 'context': [<snowplow_tracker.self_describing_json.SelfDescribingJson object at 0x7f4576ac0f40>, <snowplow_tracker.self_describing_json.SelfDescribingJson object at 0x7f4576ac0fa0>, <snowplow_tracker.self_describing_json.SelfDescribingJson object at 0x7f4576ae2670>]}
[0m09:35:51.517341 [info ] [MainThread]: To view your profiles.yml file, run:

xdg-open /home/tasleem-banu/.dbt
[0m09:35:51.517649 [debug] [MainThread]: Sending event: {'category': 'dbt', 'action': 'invocation', 'label': 'end', 'context': [<snowplow_tracker.self_describing_json.SelfDescribingJson object at 0x7f4576ac0fa0>, <snowplow_tracker.self_describing_json.SelfDescribingJson object at 0x7f4576ae2670>, <snowplow_tracker.self_describing_json.SelfDescribingJson object at 0x7f4576ae26a0>]}
[0m09:35:51.517889 [debug] [MainThread]: Flushing usage events


============================== 2022-10-17 09:36:38.059630 | eb90e56b-0294-4c63-83b3-f6d825ce080a ==============================
[0m09:36:38.059642 [info ] [MainThread]: Running with dbt=1.2.1
[0m09:36:38.059966 [debug] [MainThread]: running dbt with arguments {'write_json': True, 'use_colors': True, 'printer_width': 80, 'version_check': True, 'partial_parse': True, 'static_parser': True, 'profiles_dir': '/home/tasleem-banu/.dbt', 'send_anonymous_usage_stats': True, 'event_buffer_size': 100000, 'quiet': False, 'no_print': False, 'config_dir': True, 'which': 'debug', 'indirect_selection': 'eager'}
[0m09:36:38.060157 [debug] [MainThread]: Tracking: tracking
[0m09:36:38.075773 [debug] [MainThread]: Sending event: {'category': 'dbt', 'action': 'invocation', 'label': 'start', 'context': [<snowplow_tracker.self_describing_json.SelfDescribingJson object at 0x7f9189ec0c40>, <snowplow_tracker.self_describing_json.SelfDescribingJson object at 0x7f9189ec0e80>, <snowplow_tracker.self_describing_json.SelfDescribingJson object at 0x7f9189ee16a0>]}
[0m09:36:38.076058 [info ] [MainThread]: To view your profiles.yml file, run:

xdg-open /home/tasleem-banu/.dbt
[0m09:36:38.076296 [debug] [MainThread]: Sending event: {'category': 'dbt', 'action': 'invocation', 'label': 'end', 'context': [<snowplow_tracker.self_describing_json.SelfDescribingJson object at 0x7f9189ec0e80>, <snowplow_tracker.self_describing_json.SelfDescribingJson object at 0x7f9189ee16a0>, <snowplow_tracker.self_describing_json.SelfDescribingJson object at 0x7f9189ee14f0>]}
[0m09:36:38.076491 [debug] [MainThread]: Flushing usage events


============================== 2022-10-17 09:36:43.998060 | 30d44c8a-13f4-41dc-bc6a-296209a4b4aa ==============================
[0m09:36:43.998085 [info ] [MainThread]: Running with dbt=1.2.1
[0m09:36:43.998469 [debug] [MainThread]: running dbt with arguments {'write_json': True, 'use_colors': True, 'printer_width': 80, 'version_check': True, 'partial_parse': True, 'static_parser': True, 'profiles_dir': '/home/tasleem-banu/.dbt', 'send_anonymous_usage_stats': True, 'event_buffer_size': 100000, 'quiet': False, 'no_print': False, 'config_dir': False, 'which': 'debug', 'indirect_selection': 'eager'}
[0m09:36:43.998596 [debug] [MainThread]: Tracking: tracking
[0m09:36:44.014280 [debug] [MainThread]: Sending event: {'category': 'dbt', 'action': 'invocation', 'label': 'start', 'context': [<snowplow_tracker.self_describing_json.SelfDescribingJson object at 0x7f697fd80c10>, <snowplow_tracker.self_describing_json.SelfDescribingJson object at 0x7f697fd80e50>, <snowplow_tracker.self_describing_json.SelfDescribingJson object at 0x7f697fda0670>]}
[0m09:36:44.420083 [debug] [MainThread]: Executing "git --help"
[0m09:36:44.427910 [debug] [MainThread]: STDOUT: "b"usage: git [--version] [--help] [-C <path>] [-c <name>=<value>]\n           [--exec-path[=<path>]] [--html-path] [--man-path] [--info-path]\n           [-p | --paginate | -P | --no-pager] [--no-replace-objects] [--bare]\n           [--git-dir=<path>] [--work-tree=<path>] [--namespace=<name>]\n           [--super-prefix=<path>] [--config-env=<name>=<envvar>]\n           <command> [<args>]\n\nThese are common Git commands used in various situations:\n\nstart a working area (see also: git help tutorial)\n   clone     Clone a repository into a new directory\n   init      Create an empty Git repository or reinitialize an existing one\n\nwork on the current change (see also: git help everyday)\n   add       Add file contents to the index\n   mv        Move or rename a file, a directory, or a symlink\n   restore   Restore working tree files\n   rm        Remove files from the working tree and from the index\n\nexamine the history and state (see also: git help revisions)\n   bisect    Use binary search to find the commit that introduced a bug\n   diff      Show changes between commits, commit and working tree, etc\n   grep      Print lines matching a pattern\n   log       Show commit logs\n   show      Show various types of objects\n   status    Show the working tree status\n\ngrow, mark and tweak your common history\n   branch    List, create, or delete branches\n   commit    Record changes to the repository\n   merge     Join two or more development histories together\n   rebase    Reapply commits on top of another base tip\n   reset     Reset current HEAD to the specified state\n   switch    Switch branches\n   tag       Create, list, delete or verify a tag object signed with GPG\n\ncollaborate (see also: git help workflows)\n   fetch     Download objects and refs from another repository\n   pull      Fetch from and integrate with another repository or a local branch\n   push      Update remote refs along with associated objects\n\n'git help -a' and 'git help -g' list available subcommands and some\nconcept guides. See 'git help <command>' or 'git help <concept>'\nto read about a specific subcommand or concept.\nSee 'git help git' for an overview of the system.\n""
[0m09:36:44.428275 [debug] [MainThread]: STDERR: "b''"
[0m09:36:44.432318 [debug] [MainThread]: Acquiring new bigquery connection "debug"
[0m09:36:44.432960 [debug] [MainThread]: Opening a new connection, currently in state init
[0m09:36:44.437173 [debug] [MainThread]: On debug: select 1 as id
[0m09:36:46.470621 [debug] [MainThread]: Sending event: {'category': 'dbt', 'action': 'invocation', 'label': 'end', 'context': [<snowplow_tracker.self_describing_json.SelfDescribingJson object at 0x7f6995d5c640>, <snowplow_tracker.self_describing_json.SelfDescribingJson object at 0x7f6978560d60>, <snowplow_tracker.self_describing_json.SelfDescribingJson object at 0x7f6978560700>]}
[0m09:36:46.471009 [debug] [MainThread]: Flushing usage events
[0m09:36:47.388687 [debug] [MainThread]: Connection 'debug' was properly closed.
